<?xml version="1.0" encoding="UTF-8"?>
<coverage generated="1632100687126" clover="3.2.0">
  <project timestamp="1632100687126" name="All files">
    <metrics statements="27" coveredstatements="15" conditionals="10" coveredconditionals="3" methods="8" coveredmethods="4" elements="45" coveredelements="22" complexity="0" loc="27" ncloc="27" packages="1" files="1" classes="1"/>
    <file name="index.ts" path="/Volumes/My Passport/Development/react-seek/src/index.ts">
      <metrics statements="27" coveredstatements="15" conditionals="10" coveredconditionals="3" methods="8" coveredmethods="4"/>
      <line num="15" count="5" type="stmt"/>
      <line num="16" count="5" type="stmt"/>
      <line num="20" count="2" type="cond" truecount="1" falsecount="1"/>
      <line num="21" count="0" type="stmt"/>
      <line num="22" count="0" type="cond" truecount="0" falsecount="2"/>
      <line num="23" count="0" type="stmt"/>
      <line num="25" count="0" type="stmt"/>
      <line num="29" count="2" type="stmt"/>
      <line num="30" count="3" type="stmt"/>
      <line num="31" count="3" type="stmt"/>
      <line num="32" count="3" type="stmt"/>
      <line num="34" count="2" type="stmt"/>
      <line num="36" count="2" type="cond" truecount="2" falsecount="0"/>
      <line num="37" count="1" type="stmt"/>
      <line num="39" count="1" type="stmt"/>
      <line num="46" count="0" type="stmt"/>
      <line num="47" count="0" type="cond" truecount="0" falsecount="2"/>
      <line num="48" count="0" type="stmt"/>
      <line num="50" count="0" type="stmt"/>
      <line num="56" count="0" type="stmt"/>
      <line num="57" count="0" type="cond" truecount="0" falsecount="2"/>
      <line num="58" count="0" type="stmt"/>
      <line num="60" count="0" type="stmt"/>
      <line num="64" count="5" type="stmt"/>
      <line num="65" count="2" type="stmt"/>
      <line num="66" count="2" type="stmt"/>
      <line num="72" count="5" type="stmt"/>
    </file>
  </project>
</coverage>
