{"/Volumes/My Passport/Development/react-seek/src/index.ts": {"path":"/Volumes/My Passport/Development/react-seek/src/index.ts","statementMap":{"0":{"start":{"line":15,"column":30},"end":{"line":15,"column":49}},"1":{"start":{"line":16,"column":36},"end":{"line":16,"column":69}},"2":{"start":{"line":20,"column":8},"end":{"line":41,"column":9}},"3":{"start":{"line":21,"column":29},"end":{"line":21,"column":55}},"4":{"start":{"line":22,"column":12},"end":{"line":26,"column":13}},"5":{"start":{"line":23,"column":16},"end":{"line":23,"column":59}},"6":{"start":{"line":25,"column":16},"end":{"line":25,"column":70}},"7":{"start":{"line":29,"column":29},"end":{"line":33,"column":14}},"8":{"start":{"line":30,"column":16},"end":{"line":30,"column":50}},"9":{"start":{"line":31,"column":16},"end":{"line":31,"column":54}},"10":{"start":{"line":32,"column":16},"end":{"line":32,"column":52}},"11":{"start":{"line":34,"column":12},"end":{"line":34,"column":60}},"12":{"start":{"line":36,"column":12},"end":{"line":40,"column":13}},"13":{"start":{"line":37,"column":16},"end":{"line":37,"column":41}},"14":{"start":{"line":39,"column":16},"end":{"line":39,"column":89}},"15":{"start":{"line":46,"column":32},"end":{"line":46,"column":80}},"16":{"start":{"line":46,"column":59},"end":{"line":46,"column":79}},"17":{"start":{"line":47,"column":8},"end":{"line":51,"column":9}},"18":{"start":{"line":48,"column":12},"end":{"line":48,"column":58}},"19":{"start":{"line":50,"column":12},"end":{"line":50,"column":85}},"20":{"start":{"line":56,"column":32},"end":{"line":56,"column":80}},"21":{"start":{"line":56,"column":59},"end":{"line":56,"column":79}},"22":{"start":{"line":57,"column":8},"end":{"line":61,"column":9}},"23":{"start":{"line":58,"column":12},"end":{"line":58,"column":58}},"24":{"start":{"line":60,"column":12},"end":{"line":60,"column":82}},"25":{"start":{"line":64,"column":4},"end":{"line":70,"column":19}},"26":{"start":{"line":65,"column":8},"end":{"line":65,"column":27}},"27":{"start":{"line":66,"column":8},"end":{"line":69,"column":12}},"28":{"start":{"line":72,"column":4},"end":{"line":78,"column":5}}},"fnMap":{"0":{"name":"useSeek","decl":{"start":{"line":14,"column":9},"end":{"line":14,"column":16}},"loc":{"start":{"line":14,"column":33},"end":{"line":79,"column":1}},"line":14},"1":{"name":"seek","decl":{"start":{"line":18,"column":13},"end":{"line":18,"column":17}},"loc":{"start":{"line":18,"column":55},"end":{"line":42,"column":5}},"line":18},"2":{"name":"(anonymous_2)","decl":{"start":{"line":29,"column":43},"end":{"line":29,"column":44}},"loc":{"start":{"line":29,"column":51},"end":{"line":33,"column":13}},"line":29},"3":{"name":"next","decl":{"start":{"line":45,"column":13},"end":{"line":45,"column":17}},"loc":{"start":{"line":45,"column":20},"end":{"line":52,"column":5}},"line":45},"4":{"name":"(anonymous_4)","decl":{"start":{"line":46,"column":51},"end":{"line":46,"column":52}},"loc":{"start":{"line":46,"column":59},"end":{"line":46,"column":79}},"line":46},"5":{"name":"previous","decl":{"start":{"line":55,"column":13},"end":{"line":55,"column":21}},"loc":{"start":{"line":55,"column":24},"end":{"line":62,"column":5}},"line":55},"6":{"name":"(anonymous_6)","decl":{"start":{"line":56,"column":51},"end":{"line":56,"column":52}},"loc":{"start":{"line":56,"column":59},"end":{"line":56,"column":79}},"line":56},"7":{"name":"(anonymous_7)","decl":{"start":{"line":64,"column":20},"end":{"line":64,"column":21}},"loc":{"start":{"line":64,"column":26},"end":{"line":70,"column":5}},"line":64}},"branchMap":{"0":{"loc":{"start":{"line":20,"column":8},"end":{"line":41,"column":9}},"type":"if","locations":[{"start":{"line":20,"column":8},"end":{"line":41,"column":9}},{"start":{"line":20,"column":8},"end":{"line":41,"column":9}}],"line":20},"1":{"loc":{"start":{"line":22,"column":12},"end":{"line":26,"column":13}},"type":"if","locations":[{"start":{"line":22,"column":12},"end":{"line":26,"column":13}},{"start":{"line":22,"column":12},"end":{"line":26,"column":13}}],"line":22},"2":{"loc":{"start":{"line":36,"column":12},"end":{"line":40,"column":13}},"type":"if","locations":[{"start":{"line":36,"column":12},"end":{"line":40,"column":13}},{"start":{"line":36,"column":12},"end":{"line":40,"column":13}}],"line":36},"3":{"loc":{"start":{"line":47,"column":8},"end":{"line":51,"column":9}},"type":"if","locations":[{"start":{"line":47,"column":8},"end":{"line":51,"column":9}},{"start":{"line":47,"column":8},"end":{"line":51,"column":9}}],"line":47},"4":{"loc":{"start":{"line":57,"column":8},"end":{"line":61,"column":9}},"type":"if","locations":[{"start":{"line":57,"column":8},"end":{"line":61,"column":9}},{"start":{"line":57,"column":8},"end":{"line":61,"column":9}}],"line":57}},"s":{"0":5,"1":5,"2":2,"3":0,"4":0,"5":0,"6":0,"7":2,"8":3,"9":3,"10":3,"11":2,"12":2,"13":1,"14":1,"15":0,"16":0,"17":0,"18":0,"19":0,"20":0,"21":0,"22":0,"23":0,"24":0,"25":5,"26":2,"27":2,"28":5},"f":{"0":5,"1":2,"2":3,"3":0,"4":0,"5":0,"6":0,"7":2},"b":{"0":[0,2],"1":[0,0],"2":[1,1],"3":[0,0],"4":[0,0]},"_coverageSchema":"1a1c01bbd47fc00a2c39e90264f33305004495a9","hash":"d94cfdd505a846ae35ba12b12ce936cf2efad1d2"}
}
