TN:
SF:src/index.ts
FN:14,useSeek
FN:18,seek
FN:29,(anonymous_2)
FN:45,next
FN:46,(anonymous_4)
FN:55,previous
FN:56,(anonymous_6)
FN:64,(anonymous_7)
FNF:8
FNH:4
FNDA:5,useSeek
FNDA:2,seek
FNDA:3,(anonymous_2)
FNDA:0,next
FNDA:0,(anonymous_4)
FNDA:0,previous
FNDA:0,(anonymous_6)
FNDA:2,(anonymous_7)
DA:15,5
DA:16,5
DA:20,2
DA:21,0
DA:22,0
DA:23,0
DA:25,0
DA:29,2
DA:30,3
DA:31,3
DA:32,3
DA:34,2
DA:36,2
DA:37,1
DA:39,1
DA:46,0
DA:47,0
DA:48,0
DA:50,0
DA:56,0
DA:57,0
DA:58,0
DA:60,0
DA:64,5
DA:65,2
DA:66,2
DA:72,5
LF:27
LH:15
BRDA:20,0,0,0
BRDA:20,0,1,2
BRDA:22,1,0,0
BRDA:22,1,1,0
BRDA:36,2,0,1
BRDA:36,2,1,1
BRDA:47,3,0,0
BRDA:47,3,1,0
BRDA:57,4,0,0
BRDA:57,4,1,0
BRF:10
BRH:3
end_of_record
